<?xml version="1.0" encoding="UTF-8"?>
<testsuite name="GuessAnimalTest" tests="1" skipped="0" failures="0" errors="0" timestamp="2021-04-23T18:14:29" hostname="DESKTOP-TVDL8AG" time="0.994">
  <properties/>
  <testcase name="start" classname="GuessAnimalTest" time="0.994"/>
  <system-out><![CDATA[?[1;31m
Start test 1?[0m
Scenario 'en' is started.

Good evening!

I want to learn about animals.
Which animal do you like most?
> cat
Welcome to the animal’s expert system!
What do you want to do:

1. Play the guessing game
2. List of all animals
3. Search for an animal
4. Calculate statistics
5. Print the Knowledge Tree
0. Exit
> 1
You think of an animal, and I guess it.
Press enter when you’re ready.
> 
Is it a cat?
> No
I give up. What animal do you have in mind?
> dog
Specify a fact that distinguishes a cat from a dog.
    The sentence should be of the format: It can/has/is ....

> it can climb trees
Is the statement correct for a dog?
> no
I have learned the following facts about animals:
- The cat can climb trees
- The dog can't climb trees

I can distinguish these animals by asking the question:
- Can it climb trees?
Nice! I've learned so much about animals!

Want to try again?
> yes
You think of an animal, and I guess it.
Press enter when you’re ready.
> 
- Can it climb trees?
> yes
Is it a cat?
> no
I give up. What animal do you have in mind?
> lynx
Specify a fact that distinguishes a cat from a lynx.
    The sentence should be of the format: It can/has/is ....

> it is living in the forest
Is the statement correct for a lynx?
> yes
I have learned the following facts about animals:
- The cat isn't living in the forest
- The lynx is living in the forest

I can distinguish these animals by asking the question:
- Is it living in the forest?
Nice! I've learned so much about animals!

Want to try again?
> no
Welcome to the animal’s expert system!
What do you want to do:

1. Play the guessing game
2. List of all animals
3. Search for an animal
4. Calculate statistics
5. Print the Knowledge Tree
0. Exit
> 0

I’m off!
Good evening!

I've learned so much about animals!

Welcome to the animal’s expert system!
What do you want to do:

1. Play the guessing game
2. List of all animals
3. Search for an animal
4. Calculate statistics
5. Print the Knowledge Tree
0. Exit
> 2
Here are the animals (facts) I know:
-        cat
-        dog
-       lynx
Welcome to the animal’s expert system!
What do you want to do:

1. Play the guessing game
2. List of all animals
3. Search for an animal
4. Calculate statistics
5. Print the Knowledge Tree
0. Exit
> 3
Enter the animal:
> lynx
Facts about the lynx:
- It can climb trees
- It is living in the forest
Welcome to the animal’s expert system!
What do you want to do:

1. Play the guessing game
2. List of all animals
3. Search for an animal
4. Calculate statistics
5. Print the Knowledge Tree
0. Exit
> 4
The Knowledge Tree stats

- root node                   - It can climb trees
- total number of nodes                5
- total number of animals              3
- total number of statements           2
- height of the tree                   2
- minimum depth                        1
- average depth                      1.7
Welcome to the animal’s expert system!
What do you want to do:

1. Play the guessing game
2. List of all animals
3. Search for an animal
4. Calculate statistics
5. Print the Knowledge Tree
0. Exit
> 0

I’m off!
Good evening!

I want to learn about animals.
Which animal do you like most?
> cat
Welcome to the animal’s expert system!
What do you want to do:

1. Play the guessing game
2. List of all animals
3. Search for an animal
4. Calculate statistics
5. Print the Knowledge Tree
0. Exit
> 1
You think of an animal, and I guess it.
Press enter when you’re ready.
> 
Is it a cat?
> No
I give up. What animal do you have in mind?
> dog
Specify a fact that distinguishes a cat from a dog.
    The sentence should be of the format: It can/has/is ....

> it can climb trees
Is the statement correct for a dog?
> no
I have learned the following facts about animals:
- The cat can climb trees
- The dog can't climb trees

I can distinguish these animals by asking the question:
- Can it climb trees?
Nice! I've learned so much about animals!

Want to try again?
> yes
You think of an animal, and I guess it.
Press enter when you’re ready.
> 
- Can it climb trees?
> yes
Is it a cat?
> no
I give up. What animal do you have in mind?
> lynx
Specify a fact that distinguishes a cat from a lynx.
    The sentence should be of the format: It can/has/is ....

> it is living in the forest
Is the statement correct for a lynx?
> yes
I have learned the following facts about animals:
- The cat isn't living in the forest
- The lynx is living in the forest

I can distinguish these animals by asking the question:
- Is it living in the forest?
Nice! I've learned so much about animals!

Want to try again?
> no
Welcome to the animal’s expert system!
What do you want to do:

1. Play the guessing game
2. List of all animals
3. Search for an animal
4. Calculate statistics
5. Print the Knowledge Tree
0. Exit
> 0

Have a nice one!
Good evening!

I've learned so much about animals!

Welcome to the animal’s expert system!
What do you want to do:

1. Play the guessing game
2. List of all animals
3. Search for an animal
4. Calculate statistics
5. Print the Knowledge Tree
0. Exit
> 2
Here are the animals (facts) I know:
-        cat
-        dog
-       lynx
Welcome to the animal’s expert system!
What do you want to do:

1. Play the guessing game
2. List of all animals
3. Search for an animal
4. Calculate statistics
5. Print the Knowledge Tree
0. Exit
> 3
Enter the animal:
> lynx
Facts about the lynx:
- It can climb trees
- It is living in the forest
Welcome to the animal’s expert system!
What do you want to do:

1. Play the guessing game
2. List of all animals
3. Search for an animal
4. Calculate statistics
5. Print the Knowledge Tree
0. Exit
> 4
The Knowledge Tree stats

- root node                   - It can climb trees
- total number of nodes                5
- total number of animals              3
- total number of statements           2
- height of the tree                   2
- minimum depth                        1
- average depth                      1.7
Welcome to the animal’s expert system!
What do you want to do:

1. Play the guessing game
2. List of all animals
3. Search for an animal
4. Calculate statistics
5. Print the Knowledge Tree
0. Exit
> 0

It was nice seeing you!
Good evening!

I want to learn about animals.
Which animal do you like most?
> cat
Welcome to the animal’s expert system!
What do you want to do:

1. Play the guessing game
2. List of all animals
3. Search for an animal
4. Calculate statistics
5. Print the Knowledge Tree
0. Exit
> 1
You think of an animal, and I guess it.
Press enter when you’re ready.
> 
Is it a cat?
> No
I give up. What animal do you have in mind?
> dog
Specify a fact that distinguishes a cat from a dog.
    The sentence should be of the format: It can/has/is ....

> it can climb trees
Is the statement correct for a dog?
> no
I have learned the following facts about animals:
- The cat can climb trees
- The dog can't climb trees

I can distinguish these animals by asking the question:
- Can it climb trees?
Nice! I've learned so much about animals!

Want to try again?
> yes
You think of an animal, and I guess it.
Press enter when you’re ready.
> 
- Can it climb trees?
> yes
Is it a cat?
> no
I give up. What animal do you have in mind?
> lynx
Specify a fact that distinguishes a cat from a lynx.
    The sentence should be of the format: It can/has/is ....

> it is living in the forest
Is the statement correct for a lynx?
> yes
I have learned the following facts about animals:
- The cat isn't living in the forest
- The lynx is living in the forest

I can distinguish these animals by asking the question:
- Is it living in the forest?
Nice! I've learned so much about animals!

Want to try again?
> no
Welcome to the animal’s expert system!
What do you want to do:

1. Play the guessing game
2. List of all animals
3. Search for an animal
4. Calculate statistics
5. Print the Knowledge Tree
0. Exit
> 0

See you later, alligator!
Good evening!

I've learned so much about animals!

Welcome to the animal’s expert system!
What do you want to do:

1. Play the guessing game
2. List of all animals
3. Search for an animal
4. Calculate statistics
5. Print the Knowledge Tree
0. Exit
> 2
Here are the animals (facts) I know:
-        cat
-        dog
-       lynx
Welcome to the animal’s expert system!
What do you want to do:

1. Play the guessing game
2. List of all animals
3. Search for an animal
4. Calculate statistics
5. Print the Knowledge Tree
0. Exit
> 3
Enter the animal:
> lynx
Facts about the lynx:
- It can climb trees
- It is living in the forest
Welcome to the animal’s expert system!
What do you want to do:

1. Play the guessing game
2. List of all animals
3. Search for an animal
4. Calculate statistics
5. Print the Knowledge Tree
0. Exit
> 4
The Knowledge Tree stats

- root node                   - It can climb trees
- total number of nodes                5
- total number of animals              3
- total number of statements           2
- height of the tree                   2
- minimum depth                        1
- average depth                      1.7
Welcome to the animal’s expert system!
What do you want to do:

1. Play the guessing game
2. List of all animals
3. Search for an animal
4. Calculate statistics
5. Print the Knowledge Tree
0. Exit
> 0

See you soon!
?[1;31m
Start test 2?[0m
Scenario 'eo' is started.

Bonan vesperon!

Mi volas lerni pri bestoj.
Kiun beston vi plej ŝatas?
> kato
Bonvenon al la sperta sistemo de la besto!
Kion vi volas fari:

1. Ludi la divenludon
2. Listo de ĉiuj bestoj
3. Serĉi beston
4. Kalkuli statistikojn
5. Printi la Sciarbon
0. Eliri
> 1
Vi pensu pri besto, kaj mi divenos ĝin.
Premu enen kiam vi pretas.
> 
Ĉu ĝi estas kato?
> ne
Mi rezignas. Kiun beston vi havas en la kapo?
> hundo
Indiku fakton, kiu distingas kato de hundo.
    La frazo devas esti de la formato: Ĝi ....

> ĝi povas surgrimpi arbon
Ĉu la aserto ĝustas por la hundo?
> ne
Mi lernis la jenajn faktojn pri bestoj:
- La kato povas surgrimpi arbon
- La hundo ne povas surgrimpi arbon

Mi povas distingi ĉi tiujn bestojn per la demando:
- Ĉu ĝi povas surgrimpi arbon?
Bela! Mi lernis tiom multe pri bestoj!

Ĉu vi volas provi denove?
> jes
Vi pensu pri besto, kaj mi divenos ĝin.
Premu enen kiam vi pretas.
> 
- Ĉu ĝi povas surgrimpi arbon?
> jes
Ĉu ĝi estas kato?
> ne
Mi rezignas. Kiun beston vi havas en la kapo?
> linko
Indiku fakton, kiu distingas kato de linko.
    La frazo devas esti de la formato: Ĝi ....

> ĝi loĝas en la arbaro
Ĉu la aserto ĝustas por la linko?
> jes
Mi lernis la jenajn faktojn pri bestoj:
- La kato ne loĝas en la arbaro
- La linko loĝas en la arbaro

Mi povas distingi ĉi tiujn bestojn per la demando:
- Ĉu ĝi loĝas en la arbaro?
Bela! Mi lernis tiom multe pri bestoj!

Ĉu vi volas provi denove?
> ne
Bonvenon al la sperta sistemo de la besto!
Kion vi volas fari:

1. Ludi la divenludon
2. Listo de ĉiuj bestoj
3. Serĉi beston
4. Kalkuli statistikojn
5. Printi la Sciarbon
0. Eliri
> 0

Estis agrable vidi vin!
Bonan vesperon!

Mi lernis tiom multe pri bestoj!

Bonvenon al la sperta sistemo de la besto!
Kion vi volas fari:

1. Ludi la divenludon
2. Listo de ĉiuj bestoj
3. Serĉi beston
4. Kalkuli statistikojn
5. Printi la Sciarbon
0. Eliri
> 2
Jen la bestoj, kiujn mi konas:
-      hundo
-       kato
-      linko
Bonvenon al la sperta sistemo de la besto!
Kion vi volas fari:

1. Ludi la divenludon
2. Listo de ĉiuj bestoj
3. Serĉi beston
4. Kalkuli statistikojn
5. Printi la Sciarbon
0. Eliri
> 3
Enigu la nomon de besto:
> linko
Faktoj pri la linko:
- Ĝi povas surgrimpi arbon
- Ĝi loĝas en la arbaro
Bonvenon al la sperta sistemo de la besto!
Kion vi volas fari:

1. Ludi la divenludon
2. Listo de ĉiuj bestoj
3. Serĉi beston
4. Kalkuli statistikojn
5. Printi la Sciarbon
0. Eliri
> 4
La statistiko de la Scio-Arbo

- radika nodo                 - Ĝi povas surgrimpi arbon
- totala nombro de nodoj               5
- totala nombro de bestoj              3
- totala nombro de deklaroj            2
- alteco de la arbo                    2
- minimuma profundo                    1
- averaĝa profundo                   1,7
Bonvenon al la sperta sistemo de la besto!
Kion vi volas fari:

1. Ludi la divenludon
2. Listo de ĉiuj bestoj
3. Serĉi beston
4. Kalkuli statistikojn
5. Printi la Sciarbon
0. Eliri
> 0

Estis agrable vidi vin!
Bonan vesperon!

Mi volas lerni pri bestoj.
Kiun beston vi plej ŝatas?
> kato
Bonvenon al la sperta sistemo de la besto!
Kion vi volas fari:

1. Ludi la divenludon
2. Listo de ĉiuj bestoj
3. Serĉi beston
4. Kalkuli statistikojn
5. Printi la Sciarbon
0. Eliri
> 1
Vi pensu pri besto, kaj mi divenos ĝin.
Premu enen kiam vi pretas.
> 
Ĉu ĝi estas kato?
> ne
Mi rezignas. Kiun beston vi havas en la kapo?
> hundo
Indiku fakton, kiu distingas kato de hundo.
    La frazo devas esti de la formato: Ĝi ....

> ĝi povas surgrimpi arbon
Ĉu la aserto ĝustas por la hundo?
> ne
Mi lernis la jenajn faktojn pri bestoj:
- La kato povas surgrimpi arbon
- La hundo ne povas surgrimpi arbon

Mi povas distingi ĉi tiujn bestojn per la demando:
- Ĉu ĝi povas surgrimpi arbon?
Bela! Mi lernis tiom multe pri bestoj!

Ĉu vi volas provi denove?
> jes
Vi pensu pri besto, kaj mi divenos ĝin.
Premu enen kiam vi pretas.
> 
- Ĉu ĝi povas surgrimpi arbon?
> jes
Ĉu ĝi estas kato?
> ne
Mi rezignas. Kiun beston vi havas en la kapo?
> linko
Indiku fakton, kiu distingas kato de linko.
    La frazo devas esti de la formato: Ĝi ....

> ĝi loĝas en la arbaro
Ĉu la aserto ĝustas por la linko?
> jes
Mi lernis la jenajn faktojn pri bestoj:
- La kato ne loĝas en la arbaro
- La linko loĝas en la arbaro

Mi povas distingi ĉi tiujn bestojn per la demando:
- Ĉu ĝi loĝas en la arbaro?
Bela! Mi lernis tiom multe pri bestoj!

Ĉu vi volas provi denove?
> ne
Bonvenon al la sperta sistemo de la besto!
Kion vi volas fari:

1. Ludi la divenludon
2. Listo de ĉiuj bestoj
3. Serĉi beston
4. Kalkuli statistikojn
5. Printi la Sciarbon
0. Eliri
> 0

Ĝis revido!
Bonan vesperon!

Mi lernis tiom multe pri bestoj!

Bonvenon al la sperta sistemo de la besto!
Kion vi volas fari:

1. Ludi la divenludon
2. Listo de ĉiuj bestoj
3. Serĉi beston
4. Kalkuli statistikojn
5. Printi la Sciarbon
0. Eliri
> 2
Jen la bestoj, kiujn mi konas:
-      hundo
-       kato
-      linko
Bonvenon al la sperta sistemo de la besto!
Kion vi volas fari:

1. Ludi la divenludon
2. Listo de ĉiuj bestoj
3. Serĉi beston
4. Kalkuli statistikojn
5. Printi la Sciarbon
0. Eliri
> 3
Enigu la nomon de besto:
> linko
Faktoj pri la linko:
- Ĝi povas surgrimpi arbon
- Ĝi loĝas en la arbaro
Bonvenon al la sperta sistemo de la besto!
Kion vi volas fari:

1. Ludi la divenludon
2. Listo de ĉiuj bestoj
3. Serĉi beston
4. Kalkuli statistikojn
5. Printi la Sciarbon
0. Eliri
> 4
La statistiko de la Scio-Arbo

- radika nodo                 - Ĝi povas surgrimpi arbon
- totala nombro de nodoj               5
- totala nombro de bestoj              3
- totala nombro de deklaroj            2
- alteco de la arbo                    2
- minimuma profundo                    1
- averaĝa profundo                   1,7
Bonvenon al la sperta sistemo de la besto!
Kion vi volas fari:

1. Ludi la divenludon
2. Listo de ĉiuj bestoj
3. Serĉi beston
4. Kalkuli statistikojn
5. Printi la Sciarbon
0. Eliri
> 0

Ĝis revido!
Bonan vesperon!

Mi volas lerni pri bestoj.
Kiun beston vi plej ŝatas?
> kato
Bonvenon al la sperta sistemo de la besto!
Kion vi volas fari:

1. Ludi la divenludon
2. Listo de ĉiuj bestoj
3. Serĉi beston
4. Kalkuli statistikojn
5. Printi la Sciarbon
0. Eliri
> 1
Vi pensu pri besto, kaj mi divenos ĝin.
Premu enen kiam vi pretas.
> 
Ĉu ĝi estas kato?
> ne
Mi rezignas. Kiun beston vi havas en la kapo?
> hundo
Indiku fakton, kiu distingas kato de hundo.
    La frazo devas esti de la formato: Ĝi ....

> ĝi povas surgrimpi arbon
Ĉu la aserto ĝustas por la hundo?
> ne
Mi lernis la jenajn faktojn pri bestoj:
- La kato povas surgrimpi arbon
- La hundo ne povas surgrimpi arbon

Mi povas distingi ĉi tiujn bestojn per la demando:
- Ĉu ĝi povas surgrimpi arbon?
Bela! Mi lernis tiom multe pri bestoj!

Ĉu vi volas provi denove?
> jes
Vi pensu pri besto, kaj mi divenos ĝin.
Premu enen kiam vi pretas.
> 
- Ĉu ĝi povas surgrimpi arbon?
> jes
Ĉu ĝi estas kato?
> ne
Mi rezignas. Kiun beston vi havas en la kapo?
> linko
Indiku fakton, kiu distingas kato de linko.
    La frazo devas esti de la formato: Ĝi ....

> ĝi loĝas en la arbaro
Ĉu la aserto ĝustas por la linko?
> jes
Mi lernis la jenajn faktojn pri bestoj:
- La kato ne loĝas en la arbaro
- La linko loĝas en la arbaro

Mi povas distingi ĉi tiujn bestojn per la demando:
- Ĉu ĝi loĝas en la arbaro?
Bela! Mi lernis tiom multe pri bestoj!

Ĉu vi volas provi denove?
> ne
Bonvenon al la sperta sistemo de la besto!
Kion vi volas fari:

1. Ludi la divenludon
2. Listo de ĉiuj bestoj
3. Serĉi beston
4. Kalkuli statistikojn
5. Printi la Sciarbon
0. Eliri
> 0

Ĝis!
Bonan vesperon!

Mi lernis tiom multe pri bestoj!

Bonvenon al la sperta sistemo de la besto!
Kion vi volas fari:

1. Ludi la divenludon
2. Listo de ĉiuj bestoj
3. Serĉi beston
4. Kalkuli statistikojn
5. Printi la Sciarbon
0. Eliri
> 2
Jen la bestoj, kiujn mi konas:
-      hundo
-       kato
-      linko
Bonvenon al la sperta sistemo de la besto!
Kion vi volas fari:

1. Ludi la divenludon
2. Listo de ĉiuj bestoj
3. Serĉi beston
4. Kalkuli statistikojn
5. Printi la Sciarbon
0. Eliri
> 3
Enigu la nomon de besto:
> linko
Faktoj pri la linko:
- Ĝi povas surgrimpi arbon
- Ĝi loĝas en la arbaro
Bonvenon al la sperta sistemo de la besto!
Kion vi volas fari:

1. Ludi la divenludon
2. Listo de ĉiuj bestoj
3. Serĉi beston
4. Kalkuli statistikojn
5. Printi la Sciarbon
0. Eliri
> 4
La statistiko de la Scio-Arbo

- radika nodo                 - Ĝi povas surgrimpi arbon
- totala nombro de nodoj               5
- totala nombro de bestoj              3
- totala nombro de deklaroj            2
- alteco de la arbo                    2
- minimuma profundo                    1
- averaĝa profundo                   1,7
Bonvenon al la sperta sistemo de la besto!
Kion vi volas fari:

1. Ludi la divenludon
2. Listo de ĉiuj bestoj
3. Serĉi beston
4. Kalkuli statistikojn
5. Printi la Sciarbon
0. Eliri
> 0

Ĝis!
]]></system-out>
  <system-err><![CDATA[]]></system-err>
</testsuite>
